"../../../Engine/Content/Animation/DefaultAnimBoneCompressionSettings.uasset" 0
"../../../../../../Users/digit/Desktop/basement-dwellers-last-one-left/Content/Animations/SK_mage_Skeleton.uasset" 1
"../../../../../../Users/digit/Desktop/basement-dwellers-last-one-left/Content/Animations/Fall.uasset" 2
"../../../../../../Users/digit/Desktop/basement-dwellers-last-one-left/Content/Animations/Jump.uasset" 3
"../../../../../../Users/digit/Desktop/basement-dwellers-last-one-left/Content/Animations/SK_mage_Anim.uasset" 4
"../../../../../../Users/digit/Desktop/basement-dwellers-last-one-left/Content/Animations/WalkLeft_Anim.uasset" 5
"../../../../../../Users/digit/Desktop/basement-dwellers-last-one-left/Content/Animations/WalkLeft_PhysicsAsset.uasset" 6
"../../../../../../Users/digit/Desktop/basement-dwellers-last-one-left/Content/Assets/Textures/Backgrounds.uasset" 7
"../../../../../../Users/digit/Desktop/basement-dwellers-last-one-left/Content/Assets/Materials/M_Background.uasset" 8
"../../../../../../Users/digit/Desktop/basement-dwellers-last-one-left/Content/Assets/Meshes/SM_mage.uasset" 9
"../../../../../../Users/digit/Desktop/basement-dwellers-last-one-left/Content/Assets/Textures/mage_low_mageMat_BaseColor_01.uasset" 10
"../../../../../../Users/digit/Desktop/basement-dwellers-last-one-left/Content/Assets/Textures/mage_low_mageMat_MRAO_01.uasset" 11
"../../../../../../Users/digit/Desktop/basement-dwellers-last-one-left/Content/Assets/Textures/mage_low_mageMat_Normal_01.uasset" 12
"../../../../../../Users/digit/Desktop/basement-dwellers-last-one-left/Content/Assets/Materials/M_Main.uasset" 13
"../../../../../../Users/digit/Desktop/basement-dwellers-last-one-left/Content/Assets/Textures/rocks_low_rockMat_BaseColor_01.uasset" 14
"../../../../../../Users/digit/Desktop/basement-dwellers-last-one-left/Content/Assets/Textures/rocks_low_rockMat_MRAO_01.uasset" 15
"../../../../../../Users/digit/Desktop/basement-dwellers-last-one-left/Content/Assets/Textures/rocks_low_rockMat_Normal_01.uasset" 16
"../../../../../../Users/digit/Desktop/basement-dwellers-last-one-left/Content/Assets/Materials/MI_Rocks.uasset" 17
"../../../../../../Users/digit/Desktop/basement-dwellers-last-one-left/Content/Assets/Meshes/SM_Rock_Box_low.uasset" 18
"../../../../../../Users/digit/Desktop/basement-dwellers-last-one-left/Content/Blueprints/BP_Box.uasset" 19
"../../../../../../Users/digit/Desktop/basement-dwellers-last-one-left/Content/Assets/RefMesh/BP_Box.uasset" 20
"../../../../../../Users/digit/Desktop/basement-dwellers-last-one-left/Content/Assets/RefMesh/lambert1.uasset" 21
"../../../../../../Users/digit/Desktop/basement-dwellers-last-one-left/Content/Assets/RefMesh/Box_Piece.uasset" 22
"../../../../../../Users/digit/Desktop/basement-dwellers-last-one-left/Content/Blueprints/BP_MovingPlatform.uasset" 23
"../../../../../../Users/digit/Desktop/basement-dwellers-last-one-left/Content/Assets/RefMesh/BP_MovingPlatform.uasset" 24
"../../../../../../Users/digit/Desktop/basement-dwellers-last-one-left/Content/Assets/RefMesh/I_Piece.uasset" 25
"../../../../../../Users/digit/Desktop/basement-dwellers-last-one-left/Content/Assets/RefMesh/L_Piece.uasset" 26
"../../../../../../Users/digit/Desktop/basement-dwellers-last-one-left/Content/Assets/RefMesh/Tri_Piece.uasset" 27
"../../../../../../Users/digit/Desktop/basement-dwellers-last-one-left/Content/Assets/RefMesh/U_Piece.uasset" 28
"../../../../../../Users/digit/Desktop/basement-dwellers-last-one-left/Content/Sounds/Effects/Grapple_Impact_1.uasset" 29
"../../../../../../Users/digit/Desktop/basement-dwellers-last-one-left/Content/Sounds/Effects/Grapple_Impact_2.uasset" 30
"../../../../../../Users/digit/Desktop/basement-dwellers-last-one-left/Content/Sounds/Effects/Grapple_Impact_Cue.uasset" 31
"../../../../../../Users/digit/Desktop/basement-dwellers-last-one-left/Content/Sounds/Effects/Grapple_Release_.uasset" 32
"../../../../../../Users/digit/Desktop/basement-dwellers-last-one-left/Content/Sounds/Effects/Grapple_Release_Cue.uasset" 33
"../../../../../../Users/digit/Desktop/basement-dwellers-last-one-left/Content/Sounds/Effects/Grapple_Throw_1.uasset" 34
"../../../../../../Users/digit/Desktop/basement-dwellers-last-one-left/Content/Sounds/Effects/Grapple_throw_2.uasset" 35
"../../../../../../Users/digit/Desktop/basement-dwellers-last-one-left/Content/Sounds/Effects/Grapple_Throw_Cue.uasset" 36
"../../../../../../Users/digit/Desktop/basement-dwellers-last-one-left/Content/Sounds/Effects/Jump_Spell_1.uasset" 37
"../../../../../../Users/digit/Desktop/basement-dwellers-last-one-left/Content/Sounds/Effects/Jump_Spell_2.uasset" 38
"../../../../../../Users/digit/Desktop/basement-dwellers-last-one-left/Content/Sounds/Effects/Jump_Spell_Cue.uasset" 39
"../../../../../../Users/digit/Desktop/basement-dwellers-last-one-left/Content/Assets/Textures/minimapRender.uasset" 40
"../../../../../../Users/digit/Desktop/basement-dwellers-last-one-left/Content/Assets/Materials/minimapMat.uasset" 41
"../../../../../../Users/digit/Desktop/basement-dwellers-last-one-left/Content/UI/UI_AbilityInfo.uasset" 42
"../../../../../../Users/digit/Desktop/basement-dwellers-last-one-left/Content/UI/UI_BP.uasset" 43
"../../../Engine/Content/Animation/DefaultAnimCurveCompressionSettings.uasset" 44
"../../../Engine/Content/Functions/Engine_MaterialFunctions01/Opacity/CameraDepthFade.uasset" 45
"../../../Engine/Content/EngineMaterials/T_Default_Material_Grid_M.uasset" 46
"../../../Engine/Content/EngineMaterials/T_Default_Material_Grid_N.uasset" 47
"../../../Engine/Content/EngineMaterials/WorldGridMaterial.uasset" 48
"../../../Engine/Content/ArtTools/RenderToTexture/Meshes/S_1_Unit_Plane.uasset" 49
"../../../Engine/Content/EngineMaterials/DefaultMaterial.uasset" 50
"../../../Engine/Content/BasicShapes/Cone.uasset" 51
"../../../Engine/Content/BasicShapes/Plane.uasset" 52
"../../../Engine/Content/BasicShapes/Sphere.uasset" 53
"../../../Engine/Content/EditorLandscapeResources/DataLayer.uasset" 54
"../../../Engine/Content/EditorMaterials/MAT_Groups_Toggle.uasset" 55
"../../../Engine/Content/EditorMaterials/MAT_Groups_Visibility.uasset" 56
"../../../Engine/Content/EditorMaterials/PreviewShadowIndicator.uasset" 57
"../../../Engine/Content/EditorMaterials/PreviewShadowIndicatorMaterial.uasset" 58
"../../../Engine/Content/EditorMaterials/MatineeGroups/MAT_ColorTrack.uasset" 59
"../../../Engine/Content/EditorMaterials/MatineeGroups/MAT_Groups_Anim.uasset" 60
"../../../Engine/Content/EditorMaterials/MatineeGroups/MAT_Groups_AudioMaster.uasset" 61
"../../../Engine/Content/EditorMaterials/MatineeGroups/MAT_Groups_Director.uasset" 62
"../../../Engine/Content/EditorMaterials/MatineeGroups/MAT_Groups_Event.uasset" 63
"../../../Engine/Content/EditorMaterials/MatineeGroups/MAT_Groups_Fade.uasset" 64
"../../../Engine/Content/EditorMaterials/MatineeGroups/MAT_Groups_Float.uasset" 65
"../../../Engine/Content/EditorMaterials/MatineeGroups/MAT_Groups_Move.uasset" 66
"../../../Engine/Content/EditorMaterials/MatineeGroups/MAT_Groups_Slomo.uasset" 67
"../../../Engine/Content/EditorMaterials/MatineeGroups/MAT_Groups_Sound.uasset" 68
"../../../Engine/Content/EditorMaterials/MatineeGroups/MAT_Groups_Vector.uasset" 69
"../../../Engine/Content/EditorMaterials/ParticleSystems/PSysThumbnail_NoImage.uasset" 70
"../../../Engine/Content/EditorMaterials/ParticleSystems/PSysThumbnail_OOD.uasset" 71
"../../../Engine/Content/EditorMaterials/Camera/CineMat.uasset" 72
"../../../Engine/Content/EditorMaterials/Camera/MI_CineMat_Rig.uasset" 73
"../../../Engine/Content/EditorMeshes/Camera/SM_CraneRig_Arm.uasset" 74
"../../../Engine/Content/EditorMeshes/Camera/SM_CraneRig_Base.uasset" 75
"../../../Engine/Content/EditorMeshes/Camera/SM_CraneRig_Body.uasset" 76
"../../../Engine/Content/EditorMeshes/Camera/SM_CraneRig_Mount.uasset" 77
"../../../Engine/Content/EditorMeshes/Camera/SM_RailRig_Mount.uasset" 78
"../../../Engine/Content/EditorMeshes/Camera/SM_RailRig_Track.uasset" 79
"../../../Engine/Content/EditorResources/BSPVertex.uasset" 80
"../../../Engine/Content/EditorResources/EmptyActor.uasset" 81
"../../../Engine/Content/EditorResources/S_Actor.uasset" 82
"../../../Engine/Content/EditorResources/S_Note.uasset" 83
"../../../Engine/Content/EditorResources/S_Solver.uasset" 84
"../../../Engine/Content/EditorResources/S_Trigger.uasset" 85
"../../../Engine/Content/EditorResources/LightIcons/S_LightError.uasset" 86
"../../../Engine/Content/EditorResources/SequenceRecorder/Countdown.uasset" 87
"../../../Engine/Content/EditorResources/SequenceRecorder/RecordingIndicator.uasset" 88
"../../../Engine/Content/EditorSounds/Notifications/CompileFailed.uasset" 89
"../../../Engine/Content/EditorSounds/Notifications/CompileFailed_Cue.uasset" 90
"../../../Engine/Content/EditorSounds/Notifications/CompileSuccess.uasset" 91
"../../../Engine/Content/EditorSounds/Notifications/CompileStart_Cue.uasset" 92
"../../../Engine/Content/EditorSounds/Notifications/CompileSuccess_Cue.uasset" 93
"../../../Engine/Content/EngineDamageTypes/DmgTypeBP_Environmental.uasset" 94
"../../../Engine/Content/EngineDebugMaterials/DebugEditorMaterial.uasset" 95
"../../../Engine/Content/EngineDebugMaterials/DebugMeshMaterial.uasset" 96
"../../../Engine/Content/EngineDebugMaterials/M_SimpleUnlitTranslucent.uasset" 97
"../../../Engine/Content/Functions/Engine_MaterialFunctions02/Utility/CameraDirectionVector.uasset" 98
"../../../Engine/Content/EngineDebugMaterials/VolumeToRender.uasset" 99
"../../../Engine/Content/EngineDebugMaterials/M_VolumeRenderSphereTracePP.uasset" 100
"../../../Engine/Content/EngineDebugMaterials/WireframeMaterial.uasset" 101
"../../../Engine/Content/EngineFonts/Faces/DroidSansFallback.uasset" 102
"../../../Engine/Content/EngineFonts/Faces/RobotoBold.uasset" 103
"../../../Engine/Content/EngineFonts/Faces/RobotoBoldItalic.uasset" 104
"../../../Engine/Content/EngineFonts/Faces/RobotoItalic.uasset" 105
"../../../Engine/Content/EngineFonts/Faces/RobotoLight.uasset" 106
"../../../Engine/Content/EngineFonts/Faces/RobotoRegular.uasset" 107
"../../../Engine/Content/EngineFonts/Roboto.uasset" 108
"../../../Engine/Content/EngineMaterials/BaseFlattenDiffuseMap.uasset" 109
"../../../Engine/Content/EngineMaterials/BaseFlattenEmissiveMap.uasset" 110
"../../../Engine/Content/EngineMaterials/BaseFlattenGrayscaleMap.uasset" 111
"../../../Engine/Content/EngineMaterials/BaseFlattenNormalMap.uasset" 112
"../../../Engine/Content/EngineMaterials/BaseFlattenMaterial.uasset" 113
"../../../Engine/Content/EngineMaterials/BlueNoise.uasset" 114
"../../../Engine/Content/EngineMaterials/DefaultBloomKernel.uasset" 115
"../../../Engine/Content/EngineMaterials/DefaultBokeh.uasset" 116
"../../../Engine/Content/EngineMaterials/DefaultDiffuse.uasset" 117
"../../../Engine/Content/EngineMaterials/DefaultDeferredDecalMaterial.uasset" 118
"../../../Engine/Content/EngineMaterials/DefaultLightFunctionMaterial.uasset" 119
"../../../Engine/Content/EngineMaterials/DefaultPhysicalMaterial.uasset" 120
"../../../Engine/Content/Functions/Engine_MaterialFunctions02/Utility/BreakOutFloat2Components.uasset" 121
"../../../Engine/Content/EngineMaterials/DefaultPostProcessMaterial.uasset" 122
"../../../Engine/Content/EngineFonts/RobotoDistanceField.uasset" 123
"../../../Engine/Content/EngineMaterials/DefaultTextMaterialOpaque.uasset" 124
"../../../Engine/Content/EngineMaterials/DefaultWhiteGrid.uasset" 125
"../../../Engine/Content/EngineMaterials/DefaultWhiteGrid_Low.uasset" 126
"../../../Engine/Content/EngineMaterials/EmissiveMeshMaterial.uasset" 127
"../../../Engine/Content/EngineMaterials/GizmoMaterial.uasset" 128
"../../../Engine/Content/EngineMaterials/Good64x64TilingNoiseHighFreq.uasset" 129
"../../../Engine/Content/EngineMaterials/MiniFont.uasset" 130
"../../../Engine/Content/EngineMaterials/InvalidLightmapSettings.uasset" 131
"../../../Engine/Content/EngineMaterials/M_InvalidLightmapSettings.uasset" 132
"../../../Engine/Content/Functions/Engine_MaterialFunctions02/WorldPositionOffset/CameraOffset.uasset" 133
"../../../Engine/Content/EngineMaterials/PhAT_JointLimitMaterial.uasset" 134
"../../../Engine/Content/EngineMaterials/PreintegratedSkinBRDF.uasset" 135
"../../../Engine/Content/EngineMaterials/RemoveSurfaceMaterial.uasset" 136
"../../../Engine/Content/EngineMaterials/WeightMapPlaceholderTexture.uasset" 137
"../../../Engine/Content/EngineResources/WhiteSquareTexture.uasset" 138
"../../../Engine/Content/EngineMaterials/Widget3DPassThrough.uasset" 139
"../../../Engine/Content/EngineMaterials/Widget3DPassThrough_Masked.uasset" 140
"../../../Engine/Content/EngineMaterials/Widget3DPassThrough_Opaque.uasset" 141
"../../../Engine/Content/EngineMaterials/Widget3DPassThrough_Masked_OneSided.uasset" 142
"../../../Engine/Content/EngineMaterials/Widget3DPassThrough_Opaque_OneSided.uasset" 143
"../../../Engine/Content/EngineMaterials/Widget3DPassThrough_Translucent.uasset" 144
"../../../Engine/Content/EngineMaterials/Widget3DPassThrough_Translucent_OneSided.uasset" 145
"../../../Engine/Content/EngineMeshes/Cylinder.uasset" 146
"../../../Engine/Content/EngineMeshes/Sphere.uasset" 147
"../../../Engine/Content/EngineResources/Black.uasset" 148
"../../../Engine/Content/EngineResources/DefaultTexture.uasset" 149
"../../../Engine/Content/EngineResources/DefaultTextureCube.uasset" 150
"../../../Engine/Content/EngineResources/DefaultVolumeTexture2D.uasset" 151
"../../../Engine/Content/EngineResources/DefaultVolumeTexture.uasset" 152
"../../../Engine/Content/EngineResources/GradientTexture0.uasset" 153
"../../../Engine/Content/EngineSounds/Master.uasset" 154
"../../../Engine/Content/Functions/Engine_MaterialFunctions01/Shading/ConvertFromDiffSpec.uasset" 155
"../../../Engine/Content/Functions/Engine_MaterialFunctions01/Shading/PowerToRoughness.uasset" 156
"../../../Engine/Content/Maps/Templates/Thumbnails/Default.uasset" 157
"../../../Engine/Content/Maps/Templates/Thumbnails/TimeOfDay.uasset" 158
"../../../Engine/Content/Maps/Templates/Thumbnails/VR-Basic.uasset" 159
"../../../Engine/Content/MobileResources/T_MobileControls_texture.uasset" 160
"../../../Engine/Content/MobileResources/T_MobileMenu2.uasset" 161
"../../../Engine/Content/MobileResources/HUD/AnalogHat.uasset" 162
"../../../Engine/Content/MobileResources/HUD/VirtualJoystick_Background.uasset" 163
"../../../Engine/Content/MobileResources/HUD/VirtualJoystick_Thumb.uasset" 164
"../../../Engine/Content/MobileResources/HUD/DefaultVirtualJoysticks.uasset" 165
"../../../Engine/Content/MobileResources/HUD/LeftVirtualJoystickOnly.uasset" 166
"../../../Engine/Content/MobileResources/HUD/MobileHUDButton1_off.uasset" 167
"../../../Engine/Content/MobileResources/HUD/MobileHUDButton1_on.uasset" 168
"../../../Engine/Content/MobileResources/HUD/MobileHUDButton2_off.uasset" 169
"../../../Engine/Content/MobileResources/HUD/MobileHUDButton2_on.uasset" 170
"../../../Engine/Content/MobileResources/HUD/MobileHUDButton3.uasset" 171
"../../../Engine/Content/MobileResources/HUD/MobileHUDButtonFire.uasset" 172
"../../../Engine/Content/MobileResources/HUD/MobileHUDDirectionPad.uasset" 173
"../../../Engine/Content/MobileResources/HUD/MobileHUDDirectionPad2.uasset" 174
"../../../Engine/Content/MobileResources/HUD/MobileHUDDirectionPad3.uasset" 175
"../../../Engine/Content/MobileResources/HUD/MobileHUDDirectionStick.uasset" 176
"../../../Engine/Content/MobileResources/HUD/T_Castle_ThumbstickInner.uasset" 177
"../../../Engine/Content/MobileResources/HUD/T_Castle_ThumbstickOutter.uasset" 178
"../../../Engine/Content/Tutorial/ContentIntroCurve.uasset" 179
"../../../Engine/Content/Tutorial/Basics/LevelEditorAttract.uasset" 180
"../../../Engine/Content/Tutorial/Basics/TutorialAssets/icon_tab_Levels_40x.uasset" 181
"../../../Engine/Content/Tutorial/Basics/LevelEditorOverview.uasset" 182
"../../../Engine/Content/Tutorial/BlueprintTutorials/TutorialAssets/Blueprint_64x.uasset" 183
"../../../Engine/Content/Tutorial/BlueprintTutorials/BlueprintEditorTutorial.uasset" 184
"../../../Engine/Content/Tutorial/BlueprintTutorials/LevelBlueprintEditorOverview.uasset" 185
"../../../Engine/Content/VREditor/LaserPointer/VR_LaserPower_01.uasset" 186
"../../../Engine/Content/VREditor/TransformGizmo/TransformGizmoMaterial.uasset" 187
"../../../Engine/Content/VREditor/TransformGizmo/TranslucentTransformGizmoMaterial.uasset" 188
"../../../Engine/Content/VREditor/TransformGizmo/BoundingBoxCorner.uasset" 189
"../../../Engine/Content/VREditor/TransformGizmo/BoundingBoxEdge.uasset" 190
"../../../Engine/Content/VREditor/TransformGizmo/PlaneTranslationHandle.uasset" 191
"../../../Engine/Content/VREditor/TransformGizmo/Main.uasset" 192
"../../../Engine/Content/VREditor/TransformGizmo/Xray.uasset" 193
"../../../Engine/Content/VREditor/TransformGizmo/SM_Sequencer_Key.uasset" 194
"../../../Engine/Content/VREditor/TransformGizmo/SM_Sequencer_Node.uasset" 195
"../../Plugins/2D/Paper2D/Content/PlaceholderTextures/DummySpriteTexture.uasset" 196
"../../Plugins/2D/Paper2D/Content/DummySprite.uasset" 197
"../../Plugins/2D/Paper2D/Content/DefaultPaperTerrainMaterial.uasset" 198
"../../Plugins/2D/Paper2D/Content/DefaultSpriteMaterial.uasset" 199
"../../Plugins/2D/Paper2D/Content/MaskedUnlitSpriteMaterial.uasset" 200
"../../Plugins/2D/Paper2D/Content/OpaqueUnlitSpriteMaterial.uasset" 201
"../../Plugins/FX/Niagara/Content/Enums/ENiagaraBooleanLogicOps.uasset" 202
"../../Plugins/FX/Niagara/Content/Enums/ENiagaraCoordinateSpace.uasset" 203
"../../Plugins/FX/Niagara/Content/Enums/ENiagaraExpansionMode.uasset" 204
"../../Plugins/FX/Niagara/Content/Enums/ENiagaraOrientationAxis.uasset" 205
"../../Plugins/FX/Niagara/Content/Enums/ENiagaraRandomnessMode.uasset" 206
"../../../Engine/Content/Functions/Engine_MaterialFunctions02/Utility/BreakOutFloat4Components.uasset" 207
"../../../Engine/Content/Functions/Engine_MaterialFunctions02/Utility/MakeFloat2.uasset" 208
"../../../Engine/Content/Functions/Engine_MaterialFunctions02/Utility/MakeFloat3.uasset" 209
"../../Plugins/Runtime/Oculus/OculusVR/Content/Materials/OculusMR_ChromaKey.uasset" 210
"../../Plugins/Runtime/Oculus/OculusVR/Content/Materials/OculusMR_ChromaKey_Lit.uasset" 211
"../../Plugins/Runtime/Oculus/OculusVR/Content/Materials/OculusMR_OpaqueColoredMaterial.uasset" 212
"../../Plugins/Runtime/Oculus/OculusVR/Content/Materials/OculusMR_WhiteMaterial.uasset" 213
"../../../Engine/Content/EditorBlueprintResources/StandardMacros.uasset" 214
"../../../Engine/Content/EngineSky/C_Sky_Cloud_Color.uasset" 215
"../../../Engine/Content/EngineSky/C_Sky_Horizon_Color.uasset" 216
"../../../Engine/Content/EngineSky/C_Sky_Zenith_Color.uasset" 217
"../../../Engine/Content/EngineSky/T_Sky_Blue.uasset" 218
"../../../Engine/Content/EngineSky/T_Sky_Clouds_M.uasset" 219
"../../../Engine/Content/EngineSky/T_Sky_Stars.uasset" 220
"../../../Engine/Content/EngineSky/M_Sky_Panning_Clouds2.uasset" 221
"../../../Engine/Content/EngineSky/SM_SkySphere.uasset" 222
"../../../Engine/Content/EngineSky/BP_Sky_Sphere.uasset" 223
"../../../../../../Users/digit/Desktop/basement-dwellers-last-one-left/Content/Assets/Meshes/SM_Rock_I_low.uasset" 224
"../../../../../../Users/digit/Desktop/basement-dwellers-last-one-left/Content/Blueprints/BP_I.uasset" 225
"../../../../../../Users/digit/Desktop/basement-dwellers-last-one-left/Content/Assets/Meshes/SM_Rock_L_low.uasset" 226
"../../../../../../Users/digit/Desktop/basement-dwellers-last-one-left/Content/Blueprints/BP_L.uasset" 227
"../../../../../../Users/digit/Desktop/basement-dwellers-last-one-left/Content/Assets/Meshes/SM_Rock_Tri_low.uasset" 228
"../../../../../../Users/digit/Desktop/basement-dwellers-last-one-left/Content/Blueprints/BP_Tri.uasset" 229
"../../../../../../Users/digit/Desktop/basement-dwellers-last-one-left/Content/Assets/Meshes/SM_Rock_U_low.uasset" 230
"../../../../../../Users/digit/Desktop/basement-dwellers-last-one-left/Content/Blueprints/BP_U.uasset" 231
"../../../../../../Users/digit/Desktop/basement-dwellers-last-one-left/Content/Animations/Idle.uasset" 232
"../../../../../../Users/digit/Desktop/basement-dwellers-last-one-left/Content/Animations/WalkLeft.uasset" 233
"../../../../../../Users/digit/Desktop/basement-dwellers-last-one-left/Content/Animations/WalkRight.uasset" 234
"../../../../../../Users/digit/Desktop/basement-dwellers-last-one-left/Content/Animations/Animation_BP.uasset" 235
"../../../Engine/Content/BasicShapes/BasicShapeMaterial.uasset" 236
"../../../../../../Users/digit/Desktop/basement-dwellers-last-one-left/Content/Assets/Textures/TX_Noise_02.uasset" 237
"../../../../../../Users/digit/Desktop/basement-dwellers-last-one-left/Content/Assets/Materials/M_Rope.uasset" 238
"../../../../../../Users/digit/Desktop/basement-dwellers-last-one-left/Content/Assets/Materials/MI_Mage.uasset" 239
"../../../Engine/Content/BasicShapes/Cube.uasset" 240
"../../../Engine/Content/BasicShapes/Cylinder.uasset" 241
"../../../../../../Users/digit/Desktop/basement-dwellers-last-one-left/Content/Animations/mageMat.uasset" 242
"../../../../../../Users/digit/Desktop/basement-dwellers-last-one-left/Content/Animations/SK_mage_PhysicsAsset.uasset" 243
"../../../../../../Users/digit/Desktop/basement-dwellers-last-one-left/Content/Animations/SK_mage.uasset" 244
"../../../../../../Users/digit/Desktop/basement-dwellers-last-one-left/Content/Assets/Materials/M_Jump.uasset" 245
"../../../../../../Users/digit/Desktop/basement-dwellers-last-one-left/Content/Particles/PS_Jump.uasset" 246
"../../../../../../Users/digit/Desktop/basement-dwellers-last-one-left/Content/Blueprints/BP_PlayerCharacter.uasset" 247
"../../../../../../Users/digit/Desktop/basement-dwellers-last-one-left/Content/Blueprints/GM_GameMode.uasset" 248
"../../../../../../Users/digit/Desktop/basement-dwellers-last-one-left/Content/Levels/Level_MovementTesting_BuiltData.uasset" 249
"../../../Engine/Content/MapTemplates/SM_Template_Map_Floor.uasset" 250
"../../../../../../Users/digit/Desktop/basement-dwellers-last-one-left/Content/Levels/Level_MovementTesting.umap" 251
"../../../../../../Users/digit/Desktop/basement-dwellers-last-one-left/Content/Blueprints/BP_DestroyingPlatform.uasset" 252
"../../../../../../Users/digit/Desktop/basement-dwellers-last-one-left/Content/Levels/Mechanics_Testing_BuiltData.uasset" 253
"../../../../../../Users/digit/Desktop/basement-dwellers-last-one-left/Content/Levels/Mechanics_Testing.umap" 254
"../../../../../../Users/digit/Desktop/basement-dwellers-last-one-left/Content/Levels/Nick_testLevel.umap" 255
"../../../Engine/Content/Maps/Entry_BuiltData.uasset" 256
"../../../Engine/Content/Maps/Entry.umap" 257
